2017-02-09 15:58:42 Error: [Cake\Database\Exception] SQLSTATE[42S02]: Base table or view not found: 1146 Table 'zerograu.representates' doesn't exist
Stack Trace:
#0 D:\server\zerograu\cake\vendor\cakephp\cakephp\src\Database\Schema\Collection.php(97): Cake\Database\Schema\Collection->_reflect('Column', 'representates', Array, Object(Cake\Database\Schema\Table))
#1 D:\server\zerograu\cake\vendor\cakephp\cakephp\src\Database\Schema\CachedCollection.php(63): Cake\Database\Schema\Collection->describe('representates', Array)
#2 D:\server\zerograu\cake\vendor\cakephp\cakephp\src\ORM\Table.php(440): Cake\Database\Schema\CachedCollection->describe('representates')
#3 D:\server\zerograu\cake\vendor\cakephp\cakephp\src\ORM\Table.php(518): Cake\ORM\Table->schema()
#4 D:\server\zerograu\cake\vendor\cakephp\bake\src\Shell\Task\ModelTask.php(210): Cake\ORM\Table->primaryKey()
#5 D:\server\zerograu\cake\vendor\cakephp\bake\src\Shell\Task\ModelTask.php(127): Bake\Shell\Task\ModelTask->getAssociations(Object(Cake\ORM\Table))
#6 D:\server\zerograu\cake\vendor\cakephp\bake\src\Shell\Task\ModelTask.php(110): Bake\Shell\Task\ModelTask->getTableContext(Object(Cake\ORM\Table), 'representates', 'Representates')
#7 D:\server\zerograu\cake\vendor\cakephp\bake\src\Shell\Task\ModelTask.php(97): Bake\Shell\Task\ModelTask->bake('Representates')
#8 D:\server\zerograu\cake\vendor\cakephp\bake\src\Shell\BakeShell.php(257): Bake\Shell\Task\ModelTask->main('Representates')
#9 D:\server\zerograu\cake\vendor\cakephp\cakephp\src\Collection\CollectionTrait.php(52): Bake\Shell\BakeShell->Bake\Shell\{closure}('representates', 0)
#10 D:\server\zerograu\cake\vendor\cakephp\bake\src\Shell\BakeShell.php(260): Cake\Collection\Collection->each(Object(Closure))
#11 [internal function]: Bake\Shell\BakeShell->all('representates')
#12 D:\server\zerograu\cake\vendor\cakephp\cakephp\src\Console\Shell.php(459): call_user_func_array(Array, Array)
#13 D:\server\zerograu\cake\vendor\cakephp\cakephp\src\Console\ShellDispatcher.php(227): Cake\Console\Shell->runCommand(Array, true, Array)
#14 D:\server\zerograu\cake\vendor\cakephp\cakephp\src\Console\ShellDispatcher.php(182): Cake\Console\ShellDispatcher->_dispatch(Array)
#15 D:\server\zerograu\cake\vendor\cakephp\cakephp\src\Console\ShellDispatcher.php(128): Cake\Console\ShellDispatcher->dispatch(Array)
#16 D:\server\zerograu\cake\bin\cake.php(34): Cake\Console\ShellDispatcher::run(Array)
#17 {main}


